0 info it worked if it ends with ok
1 verbose cli [ 'node',
1 verbose cli   '/usr/local/bin/npm',
1 verbose cli   'install',
1 verbose cli   '-g',
1 verbose cli   'less-scss-convertor' ]
2 info using npm@3.8.3
3 info using node@v0.10.30
4 silly loadCurrentTree Starting
5 silly install loadCurrentTree
6 silly install readGlobalPackageData
7 silly fetchPackageMetaData less-scss-convertor
8 silly fetchNamedPackageData less-scss-convertor
9 silly mapToRegistry name less-scss-convertor
10 silly mapToRegistry using default registry
11 silly mapToRegistry registry https://registry.npmjs.org/
12 silly mapToRegistry data { raw: 'less-scss-convertor',
12 silly mapToRegistry   scope: null,
12 silly mapToRegistry   name: 'less-scss-convertor',
12 silly mapToRegistry   rawSpec: '',
12 silly mapToRegistry   spec: 'latest',
12 silly mapToRegistry   type: 'tag' }
13 silly mapToRegistry uri https://registry.npmjs.org/less-scss-convertor
14 verbose request uri https://registry.npmjs.org/less-scss-convertor
15 verbose request no auth needed
16 info attempt registry request try #1 at 13:00:51
17 verbose request id 30dda5f856ee2a6c
18 http request GET https://registry.npmjs.org/less-scss-convertor
19 http 200 https://registry.npmjs.org/less-scss-convertor
20 verbose headers { server: 'nginx/1.10.1',
20 verbose headers   'content-type': 'application/json',
20 verbose headers   'last-modified': 'Fri, 10 Oct 2014 17:26:15 GMT',
20 verbose headers   etag: 'W/"543816b7-500f"',
20 verbose headers   'content-encoding': 'gzip',
20 verbose headers   'cache-control': 'max-age=300',
20 verbose headers   'content-length': '3082',
20 verbose headers   'accept-ranges': 'bytes',
20 verbose headers   date: 'Sat, 18 Feb 2017 12:00:55 GMT',
20 verbose headers   via: '1.1 varnish',
20 verbose headers   age: '0',
20 verbose headers   connection: 'keep-alive',
20 verbose headers   'x-served-by': 'cache-ams4423-AMS',
20 verbose headers   'x-cache': 'MISS',
20 verbose headers   'x-cache-hits': '0',
20 verbose headers   'x-timer': 'S1487419255.291917,VS0,VE21',
20 verbose headers   vary: 'Accept-Encoding' }
21 silly get cb [ 200,
21 silly get   { server: 'nginx/1.10.1',
21 silly get     'content-type': 'application/json',
21 silly get     'last-modified': 'Fri, 10 Oct 2014 17:26:15 GMT',
21 silly get     etag: 'W/"543816b7-500f"',
21 silly get     'content-encoding': 'gzip',
21 silly get     'cache-control': 'max-age=300',
21 silly get     'content-length': '3082',
21 silly get     'accept-ranges': 'bytes',
21 silly get     date: 'Sat, 18 Feb 2017 12:00:55 GMT',
21 silly get     via: '1.1 varnish',
21 silly get     age: '0',
21 silly get     connection: 'keep-alive',
21 silly get     'x-served-by': 'cache-ams4423-AMS',
21 silly get     'x-cache': 'MISS',
21 silly get     'x-cache-hits': '0',
21 silly get     'x-timer': 'S1487419255.291917,VS0,VE21',
21 silly get     vary: 'Accept-Encoding' } ]
22 verbose get saving less-scss-convertor to /Users/j/.npm/registry.npmjs.org/less-scss-convertor/.cache.json
23 verbose correctMkdir /Users/j/.npm correctMkdir not in flight; initializing
24 silly install normalizeTree
25 silly loadCurrentTree Finishing
26 silly loadIdealTree Starting
27 silly install loadIdealTree
28 silly cloneCurrentTree Starting
29 silly install cloneCurrentTreeToIdealTree
30 silly cloneCurrentTree Finishing
31 silly loadShrinkwrap Starting
32 silly install loadShrinkwrap
33 silly loadShrinkwrap Finishing
34 silly loadAllDepsIntoIdealTree Starting
35 silly install loadAllDepsIntoIdealTree
36 silly resolveWithNewModule less-scss-convertor@0.0.17 checking installable status
37 silly cache add args [ 'less-scss-convertor', null ]
38 verbose cache add spec less-scss-convertor
39 silly cache add parsed spec { raw: 'less-scss-convertor',
39 silly cache add   scope: null,
39 silly cache add   name: 'less-scss-convertor',
39 silly cache add   rawSpec: '',
39 silly cache add   spec: 'latest',
39 silly cache add   type: 'tag' }
40 silly addNamed less-scss-convertor@latest
41 verbose addNamed "latest" is being treated as a dist-tag for less-scss-convertor
42 info addNameTag [ 'less-scss-convertor', 'latest' ]
43 silly mapToRegistry name less-scss-convertor
44 silly mapToRegistry using default registry
45 silly mapToRegistry registry https://registry.npmjs.org/
46 silly mapToRegistry data { raw: 'less-scss-convertor',
46 silly mapToRegistry   scope: null,
46 silly mapToRegistry   name: 'less-scss-convertor',
46 silly mapToRegistry   rawSpec: '',
46 silly mapToRegistry   spec: 'latest',
46 silly mapToRegistry   type: 'tag' }
47 silly mapToRegistry uri https://registry.npmjs.org/less-scss-convertor
48 verbose addNameTag registry:https://registry.npmjs.org/less-scss-convertor not in flight; fetching
49 verbose get https://registry.npmjs.org/less-scss-convertor not expired, no request
50 silly addNameTag next cb for less-scss-convertor with tag latest
51 silly addNamed less-scss-convertor@0.0.17
52 verbose addNamed "0.0.17" is a plain semver version for less-scss-convertor
53 silly mapToRegistry name less-scss-convertor
54 silly mapToRegistry using default registry
55 silly mapToRegistry registry https://registry.npmjs.org/
56 silly mapToRegistry data { raw: 'less-scss-convertor',
56 silly mapToRegistry   scope: null,
56 silly mapToRegistry   name: 'less-scss-convertor',
56 silly mapToRegistry   rawSpec: '',
56 silly mapToRegistry   spec: 'latest',
56 silly mapToRegistry   type: 'tag' }
57 silly mapToRegistry uri https://registry.npmjs.org/less-scss-convertor
58 verbose addRemoteTarball https://registry.npmjs.org/less-scss-convertor/-/less-scss-convertor-0.0.17.tgz not in flight; adding
59 verbose addRemoteTarball [ 'https://registry.npmjs.org/less-scss-convertor/-/less-scss-convertor-0.0.17.tgz',
59 verbose addRemoteTarball   'fc8fdb7105fb4c727f8c76aaa0aa519b37f2fb1b' ]
60 info retry fetch attempt 1 at 13:00:55
61 info attempt registry request try #1 at 13:00:55
62 http fetch GET https://registry.npmjs.org/less-scss-convertor/-/less-scss-convertor-0.0.17.tgz
63 http fetch 200 https://registry.npmjs.org/less-scss-convertor/-/less-scss-convertor-0.0.17.tgz
64 silly fetchAndShaCheck shasum fc8fdb7105fb4c727f8c76aaa0aa519b37f2fb1b
65 verbose addTmpTarball /var/folders/_d/q6pn4_y17n3cg5p38dm_zqqw0000gn/T/npm-90978-b7d884e5/registry.npmjs.org/less-scss-convertor/-/less-scss-convertor-0.0.17.tgz not in flight; adding
66 verbose addTmpTarball already have metadata; skipping unpack for less-scss-convertor@0.0.17
67 verbose correctMkdir /Users/j/.npm correctMkdir not in flight; initializing
68 silly cache afterAdd less-scss-convertor@0.0.17
69 verbose afterAdd /Users/j/.npm/less-scss-convertor/0.0.17/package/package.json not in flight; writing
70 verbose correctMkdir /Users/j/.npm correctMkdir not in flight; initializing
71 verbose afterAdd /Users/j/.npm/less-scss-convertor/0.0.17/package/package.json written
72 silly loadAllDepsIntoIdealTree Finishing
73 silly idealTree:prePrune lib
73 silly idealTree:prePrune └── less-scss-convertor@0.0.17
74 silly loadIdealTree Finishing
75 silly currentTree lib
76 silly idealTree lib
76 silly idealTree └── less-scss-convertor@0.0.17
77 silly generateActionsToTake Starting
78 silly install generateActionsToTake
79 warn checkPermissions Missing write access to /usr/local/lib/node_modules
80 silly rollbackFailedOptional Starting
81 silly rollbackFailedOptional Finishing
82 silly runTopLevelLifecycles Starting
83 silly runTopLevelLifecycles Finishing
84 silly install printInstalled
85 verbose stack Error: EACCES, access '/usr/local/lib/node_modules'
85 verbose stack     at module.exports (/usr/local/lib/node_modules/npm/lib/install/access-error.js:4:18)
85 verbose stack     at /usr/local/lib/node_modules/npm/lib/install/writable.js:30:25
85 verbose stack     at /usr/local/lib/node_modules/npm/node_modules/graceful-fs/graceful-fs.js:232:16
85 verbose stack     at Object.oncomplete (fs.js:107:15)
86 verbose cwd /Users/j/Dropbox/YellowDog-Share/sites/jwbulger.com/personal-site
87 error Darwin 16.4.0
88 error argv "node" "/usr/local/bin/npm" "install" "-g" "less-scss-convertor"
89 error node v0.10.30
90 error npm  v3.8.3
91 error path /usr/local/lib/node_modules
92 error code EACCES
93 error Error: EACCES, access '/usr/local/lib/node_modules'
93 error     at module.exports (/usr/local/lib/node_modules/npm/lib/install/access-error.js:4:18)
93 error     at /usr/local/lib/node_modules/npm/lib/install/writable.js:30:25
93 error     at /usr/local/lib/node_modules/npm/node_modules/graceful-fs/graceful-fs.js:232:16
93 error     at Object.oncomplete (fs.js:107:15)
93 error  { [Error: EACCES, access '/usr/local/lib/node_modules'] code: 'EACCES', path: '/usr/local/lib/node_modules' }
94 error Please try running this command again as root/Administrator.
95 verbose exit [ 1, true ]
